1685310941569	geckodriver	INFO	Listening on 127.0.0.1:51742
1685310967562	geckodriver	INFO	Listening on 127.0.0.1:51752
1685311047703	geckodriver	INFO	Listening on 127.0.0.1:51761
1685311279490	geckodriver	INFO	Listening on 127.0.0.1:52355
1685311454700	geckodriver	INFO	Listening on 127.0.0.1:52407
1685311572837	geckodriver	INFO	Listening on 127.0.0.1:52418
1685311575906	mozrunner::runner	INFO	Running command: "C:\\Program Files\\Mozilla Firefox\\firefox.exe" "--marionette" "-no-remote" "-profile" "C:\\Users\\ADMIN\\AppData\\Local\\Temp\\rust_mozprofilewhnCuz"
console.warn: services.settings: Ignoring preference override of remote settings server
console.warn: services.settings: Allow by setting MOZ_REMOTE_SETTINGS_DEVTOOLS=1 in the environment
1685311576801	Marionette	INFO	Marionette enabled
Dynamically enable window occlusion 0
1685311576808	Marionette	INFO	Listening on port 52430
Read port: 52430
Read port: 52430
1685311578166	RemoteAgent	WARN	TLS certificate errors will be ignored for this session
console.error: Region.sys.mjs: "Error fetching region" (new Error("TIMEOUT", "resource://gre/modules/Region.sys.mjs", 762))
console.error: Region.sys.mjs: "Failed to fetch region" (new Error("TIMEOUT", "resource://gre/modules/Region.sys.mjs", 414))
[ERROR glean_core] Error setting metrics feature config: Json(Error("EOF while parsing a value", line: 1, column: 0))
JavaScript error: https://harrypotter.fandom.com/load.php?lang=en&modules=ext.fandom.ImportJs%2Csite&skin=fandomdesktop&version=1yh1o, line 9: ReferenceError: wgPageName is not defined
JavaScript error: , line 0: uncaught exception: Object
JavaScript error: , line 0: TypeError: NetworkError when attempting to fetch resource.
JavaScript warning: https://pagead2.googlesyndication.com/bg/1T19pN000MhJQqu5MM1VUGhWn1rY_cLvECS5p9l14sM.js line 2 > eval line 1307 > eval line 1 > eval line 1 > eval, line 1: WEBGL_debug_renderer_info is deprecated in Firefox and will be removed. Please use RENDERER.
JavaScript error: , line 0: TypeError: NetworkError when attempting to fetch resource.
JavaScript error: https://harrypotter.fandom.com/load.php?lang=en&modules=ext.fandom.site&skin=fandomdesktop&version=zepmt, line 1: ReferenceError: wgPageName is not defined
JavaScript error: , line 0: TypeError: NetworkError when attempting to fetch resource.
JavaScript error: , line 0: TypeError: NetworkError when attempting to fetch resource.
JavaScript warning: https://pagead2.googlesyndication.com/bg/1T19pN000MhJQqu5MM1VUGhWn1rY_cLvECS5p9l14sM.js line 2 > eval line 4353 > eval line 1 > eval line 1 > eval, line 1: WEBGL_debug_renderer_info is deprecated in Firefox and will be removed. Please use RENDERER.
JavaScript warning: https://pagead2.googlesyndication.com/bg/1T19pN000MhJQqu5MM1VUGhWn1rY_cLvECS5p9l14sM.js line 2 > eval line 5537 > eval line 1 > eval line 1 > eval, line 1: WEBGL_debug_renderer_info is deprecated in Firefox and will be removed. Please use RENDERER.
1685311628070	Marionette	WARN	Ignoring event 'pageshow' because document has an invalid readyState of 'uninitialized'.
JavaScript error: , line 0: TypeError: NetworkError when attempting to fetch resource.
JavaScript error: https://harrypotter.fandom.com/load.php?lang=en&modules=ext.fandom.site&skin=fandomdesktop&version=zepmt, line 1: ReferenceError: wgPageName is not defined
JavaScript error: https://harrypotter.fandom.com/load.php?lang=en&modules=ext.fandom.site&skin=fandomdesktop&version=zepmt, line 1: ReferenceError: wgPageName is not defined
JavaScript error: , line 0: TypeError: NetworkError when attempting to fetch resource.
JavaScript error: https://harrypotter.fandom.com/load.php?lang=en&modules=ext.fandom.site&skin=fandomdesktop&version=zepmt, line 1: ReferenceError: wgPageName is not defined
JavaScript error: , line 0: uncaught exception: Object
JavaScript error: https://tag.durationmedia.net/sites/10651/dm.js, line 1: TypeError: e.parsedBody is undefined
JavaScript error: , line 0: uncaught exception: Object
JavaScript error: , line 0: uncaught exception: Object
JavaScript error: , line 0: uncaught exception: Object
JavaScript error: https://script.wikia.nocookie.net/fandom-ae-assets/identity-service/v1.7.1/index.js, line 44: TypeError: this.window.dataLayer is undefined
1685311650579	Marionette	WARN	Ignoring event 'DOMContentLoaded' because document has an invalid readyState of 'complete'.
JavaScript error: https://harrypotter.fandom.com/load.php?lang=en&modules=ext.fandom.site&skin=fandomdesktop&version=zepmt, line 1: ReferenceError: wgPageName is not defined
JavaScript error: , line 0: TypeError: NetworkError when attempting to fetch resource.
JavaScript error: https://harrypotter.fandom.com/load.php?lang=en&modules=ext.fandom.site&skin=fandomdesktop&version=zepmt, line 1: ReferenceError: wgPageName is not defined
JavaScript error: , line 0: uncaught exception: Object
JavaScript error: , line 0: uncaught exception: Object
JavaScript error: , line 0: uncaught exception: Object
JavaScript error: , line 0: uncaught exception: Object
JavaScript error: https://tag.durationmedia.net/sites/10651/dm.js, line 1: TypeError: e.parsedBody is undefined
JavaScript error: https://harrypotter.fandom.com/load.php?lang=en&modules=ext.fandom.site&skin=fandomdesktop&version=zepmt, line 1: ReferenceError: wgPageName is not defined
JavaScript error: , line 0: TypeError: NetworkError when attempting to fetch resource.
JavaScript error: , line 0: TypeError: NetworkError when attempting to fetch resource.
JavaScript error: https://script.wikia.nocookie.net/fandom-ae-assets/identity-service/v1.7.1/index.js, line 44: TypeError: this.window.dataLayer is undefined
JavaScript error: https://harrypotter.fandom.com/load.php?lang=en&modules=ext.fandom.site&skin=fandomdesktop&version=zepmt, line 1: ReferenceError: wgPageName is not defined
JavaScript error: , line 0: TypeError: NetworkError when attempting to fetch resource.
JavaScript error: https://harrypotter.fandom.com/load.php?lang=en&modules=ext.fandom.site&skin=fandomdesktop&version=zepmt, line 1: ReferenceError: wgPageName is not defined
JavaScript error: https://harrypotter.fandom.com/load.php?lang=en&modules=ext.fandom.site&skin=fandomdesktop&version=zepmt, line 1: ReferenceError: wgPageName is not defined
JavaScript error: , line 0: TypeError: NetworkError when attempting to fetch resource.
JavaScript error: , line 0: TypeError: NetworkError when attempting to fetch resource.
JavaScript error: https://harrypotter.fandom.com/load.php?lang=en&modules=ext.fandom.site&skin=fandomdesktop&version=zepmt, line 1: ReferenceError: wgPageName is not defined
JavaScript error: , line 0: TypeError: NetworkError when attempting to fetch resource.
JavaScript error: , line 0: TypeError: NetworkError when attempting to fetch resource.
JavaScript error: https://script.wikia.nocookie.net/fandom-ae-assets/identity-service/v1.7.1/index.js, line 44: TypeError: this.window.dataLayer is undefined
JavaScript error: https://harrypotter.fandom.com/load.php?lang=en&modules=ext.fandom.site&skin=fandomdesktop&version=zepmt, line 1: ReferenceError: wgPageName is not defined
JavaScript error: , line 0: TypeError: NetworkError when attempting to fetch resource.
JavaScript error: https://harrypotter.fandom.com/load.php?lang=en&modules=ext.fandom.site&skin=fandomdesktop&version=zepmt, line 1: ReferenceError: wgPageName is not defined
JavaScript error: , line 0: TypeError: NetworkError when attempting to fetch resource.
JavaScript error: , line 0: TypeError: NetworkError when attempting to fetch resource.
JavaScript error: https://harrypotter.fandom.com/load.php?lang=en&modules=ext.fandom.site&skin=fandomdesktop&version=zepmt, line 1: ReferenceError: wgPageName is not defined
[Parent 33952, IPC I/O Parent] WARNING: DuplicateHandle failed for handle 0 in TransferHandles: file /builds/worker/checkouts/gecko/ipc/chromium/src/chrome/common/ipc_channel_win.cc:787
JavaScript error: https://harrypotter.fandom.com/load.php?lang=en&modules=ext.fandom.site&skin=fandomdesktop&version=zepmt, line 1: ReferenceError: wgPageName is not defined
JavaScript error: , line 0: uncaught exception: Object
JavaScript error: , line 0: uncaught exception: Object
JavaScript error: , line 0: uncaught exception: Object
JavaScript error: , line 0: uncaught exception: Object
JavaScript error: https://tag.durationmedia.net/sites/10651/dm.js, line 1: TypeError: e.parsedBody is undefined
JavaScript error: https://script.wikia.nocookie.net/fandom-ae-assets/identity-service/v1.7.1/index.js, line 44: TypeError: this.window.dataLayer is undefined
JavaScript error: https://harrypotter.fandom.com/load.php?lang=en&modules=ext.fandom.site&skin=fandomdesktop&version=zepmt, line 1: ReferenceError: wgPageName is not defined
JavaScript error: https://harrypotter.fandom.com/load.php?lang=en&modules=ext.fandom.site&skin=fandomdesktop&version=zepmt, line 1: ReferenceError: wgPageName is not defined
JavaScript error: https://tag.durationmedia.net/sites/10651/dm.js, line 1: TypeError: e.parsedBody is undefined
JavaScript error: , line 0: uncaught exception: Object
JavaScript error: , line 0: uncaught exception: Object
JavaScript error: , line 0: uncaught exception: Object
JavaScript error: , line 0: uncaught exception: Object
JavaScript error: https://harrypotter.fandom.com/load.php?lang=en&modules=ext.fandom.site&skin=fandomdesktop&version=zepmt, line 1: ReferenceError: wgPageName is not defined
JavaScript error: https://tag.durationmedia.net/sites/10651/dm.js, line 1: TypeError: e.parsedBody is undefined
JavaScript error: , line 0: uncaught exception: Object
JavaScript error: , line 0: uncaught exception: Object
JavaScript error: , line 0: uncaught exception: Object
JavaScript error: , line 0: uncaught exception: Object
JavaScript error: https://harrypotter.fandom.com/load.php?lang=en&modules=ext.fandom.site&skin=fandomdesktop&version=zepmt, line 1: ReferenceError: wgPageName is not defined
JavaScript error: https://tag.durationmedia.net/sites/10651/dm.js, line 1: TypeError: e.parsedBody is undefined
JavaScript error: https://harrypotter.fandom.com/load.php?lang=en&modules=ext.fandom.site&skin=fandomdesktop&version=zepmt, line 1: ReferenceError: wgPageName is not defined
JavaScript error: , line 0: uncaught exception: Object
JavaScript error: , line 0: uncaught exception: Object
JavaScript error: , line 0: uncaught exception: Object
JavaScript error: , line 0: uncaught exception: Object
JavaScript error: , line 0: uncaught exception: Object
JavaScript error: , line 0: uncaught exception: Object
JavaScript error: , line 0: uncaught exception: Object
JavaScript error: , line 0: uncaught exception: Object
JavaScript error: https://script.wikia.nocookie.net/fandom-ae-assets/identity-service/v1.7.1/index.js, line 44: TypeError: this.window.dataLayer is undefined
JavaScript error: https://harrypotter.fandom.com/load.php?lang=en&modules=ext.fandom.site&skin=fandomdesktop&version=zepmt, line 1: ReferenceError: wgPageName is not defined
JavaScript error: https://harrypotter.fandom.com/load.php?lang=en&modules=ext.fandom.site&skin=fandomdesktop&version=zepmt, line 1: ReferenceError: wgPageName is not defined
JavaScript error: , line 0: TypeError: NetworkError when attempting to fetch resource.
JavaScript error: , line 0: TypeError: NetworkError when attempting to fetch resource.
JavaScript error: https://harrypotter.fandom.com/load.php?lang=en&modules=ext.fandom.site&skin=fandomdesktop&version=zepmt, line 1: ReferenceError: wgPageName is not defined
JavaScript error: , line 0: uncaught exception: Object
JavaScript error: , line 0: uncaught exception: Object
JavaScript error: , line 0: uncaught exception: Object
JavaScript error: , line 0: uncaught exception: Object
JavaScript error: https://harrypotter.fandom.com/load.php?lang=en&modules=ext.fandom.site&skin=fandomdesktop&version=zepmt, line 1: ReferenceError: wgPageName is not defined
JavaScript error: , line 0: uncaught exception: Object
JavaScript error: , line 0: uncaught exception: Object
JavaScript error: , line 0: uncaught exception: Object
JavaScript error: , line 0: uncaught exception: Object
JavaScript error: https://tag.durationmedia.net/sites/10651/dm.js, line 1: TypeError: e.parsedBody is undefined
JavaScript error: https://harrypotter.fandom.com/load.php?lang=en&modules=ext.fandom.site&skin=fandomdesktop&version=zepmt, line 1: ReferenceError: wgPageName is not defined
JavaScript error: https://script.wikia.nocookie.net/fandom-ae-assets/identity-service/v1.7.1/index.js, line 44: TypeError: this.window.dataLayer is undefined
JavaScript error: , line 0: uncaught exception: Object
JavaScript error: https://tag.durationmedia.net/sites/10651/dm.js, line 1: TypeError: e.parsedBody is undefined
JavaScript error: , line 0: uncaught exception: Object
JavaScript error: , line 0: uncaught exception: Object
JavaScript error: , line 0: uncaught exception: Object
JavaScript error: https://harrypotter.fandom.com/load.php?lang=en&modules=ext.fandom.site&skin=fandomdesktop&version=zepmt, line 1: ReferenceError: wgPageName is not defined
[Parent 33952, IPC I/O Parent] WARNING: DuplicateHandle failed for handle 0 in TransferHandles: file /builds/worker/checkouts/gecko/ipc/chromium/src/chrome/common/ipc_channel_win.cc:787
JavaScript error: https://harrypotter.fandom.com/load.php?lang=en&modules=ext.fandom.site&skin=fandomdesktop&version=zepmt, line 1: ReferenceError: wgPageName is not defined
JavaScript error: , line 0: uncaught exception: Object
JavaScript error: , line 0: uncaught exception: Object
JavaScript error: , line 0: uncaught exception: Object
JavaScript error: https://tag.durationmedia.net/sites/10651/dm.js, line 1: TypeError: e.parsedBody is undefined
JavaScript error: , line 0: uncaught exception: Object
JavaScript error: https://harrypotter.fandom.com/load.php?lang=en&modules=ext.fandom.site&skin=fandomdesktop&version=zepmt, line 1: ReferenceError: wgPageName is not defined
JavaScript error: , line 0: uncaught exception: Object
JavaScript error: , line 0: uncaught exception: Object
JavaScript error: https://harrypotter.fandom.com/load.php?lang=en&modules=ext.fandom.site&skin=fandomdesktop&version=zepmt, line 1: ReferenceError: wgPageName is not defined
1685311726537	Marionette	WARN	Ignoring event 'pageshow' because document has an invalid readyState of 'uninitialized'.
JavaScript warning: https://pagead2.googlesyndication.com/bg/1T19pN000MhJQqu5MM1VUGhWn1rY_cLvECS5p9l14sM.js line 2 > eval line 2798 > eval line 1 > eval line 1 > eval, line 1: WEBGL_debug_renderer_info is deprecated in Firefox and will be removed. Please use RENDERER.
JavaScript warning: https://pagead2.googlesyndication.com/bg/1T19pN000MhJQqu5MM1VUGhWn1rY_cLvECS5p9l14sM.js line 2 > eval line 5849 > eval line 1 > eval line 1 > eval, line 1: WEBGL_debug_renderer_info is deprecated in Firefox and will be removed. Please use RENDERER.
JavaScript error: , line 0: TypeError: NetworkError when attempting to fetch resource.
JavaScript warning: https://tgtag.io/tg.js?pid=tg-003828-001, line 1: WEBGL_debug_renderer_info is deprecated in Firefox and will be removed. Please use RENDERER.
JavaScript warning: https://tgtag.io/tg.js?pid=tg-003828-001, line 1: WebGL context was lost.
1685311760903	Marionette	WARN	Ignoring event 'pageshow' because document has an invalid readyState of 'uninitialized'.
JavaScript warning: https://pagead2.googlesyndication.com/bg/1T19pN000MhJQqu5MM1VUGhWn1rY_cLvECS5p9l14sM.js line 2 > eval line 6168 > eval line 1 > eval line 1 > eval, line 1: WEBGL_debug_renderer_info is deprecated in Firefox and will be removed. Please use RENDERER.
1685311767285	Marionette	WARN	Ignoring event 'pageshow' because document has an invalid readyState of 'uninitialized'.
1685311786182	Marionette	WARN	Ignoring event 'pageshow' because document has an invalid readyState of 'uninitialized'.
JavaScript error: , line 0: TypeError: NetworkError when attempting to fetch resource.
[Child 36920, Main Thread] WARNING: JSWindowActorChild::SendRawMessage (Conduits, ConduitClosed) not sent: !CanSend() || !mManager || !mManager->CanSend(): file /builds/worker/checkouts/gecko/dom/ipc/jsactor/JSWindowActorChild.cpp:57
[Child 36920, Main Thread] WARNING: JSWindowActorChild::SendRawMessage (Conduits, ConduitClosed) not sent: !CanSend() || !mManager || !mManager->CanSend(): file /builds/worker/checkouts/gecko/dom/ipc/jsactor/JSWindowActorChild.cpp:57
[Child 36920, Main Thread] WARNING: JSWindowActorChild::SendRawMessage (Conduits, ConduitClosed) not sent: !CanSend() || !mManager || !mManager->CanSend(): file /builds/worker/checkouts/gecko/dom/ipc/jsactor/JSWindowActorChild.cpp:57
[Child 36920, Main Thread] WARNING: JSWindowActorChild::SendRawMessage (Conduits, ConduitClosed) not sent: !CanSend() || !mManager || !mManager->CanSend(): file /builds/worker/checkouts/gecko/dom/ipc/jsactor/JSWindowActorChild.cpp:57
[Child 36920, Main Thread] WARNING: JSWindowActorChild::SendRawMessage (Conduits, ConduitClosed) not sent: !CanSend() || !mManager || !mManager->CanSend(): file /builds/worker/checkouts/gecko/dom/ipc/jsactor/JSWindowActorChild.cpp:57
[Child 36920, Main Thread] WARNING: JSWindowActorChild::SendRawMessage (Conduits, ConduitClosed) not sent: !CanSend() || !mManager || !mManager->CanSend(): file /builds/worker/checkouts/gecko/dom/ipc/jsactor/JSWindowActorChild.cpp:57
[Child 36920, Main Thread] WARNING: JSWindowActorChild::SendRawMessage (Conduits, ConduitClosed) not sent: !CanSend() || !mManager || !mManager->CanSend(): file /builds/worker/checkouts/gecko/dom/ipc/jsactor/JSWindowActorChild.cpp:57
[Child 36920, Main Thread] WARNING: JSWindowActorChild::SendRawMessage (Conduits, ConduitClosed) not sent: !CanSend() || !mManager || !mManager->CanSend(): file /builds/worker/checkouts/gecko/dom/ipc/jsactor/JSWindowActorChild.cpp:57
1685313251533	Marionette	INFO	Stopped listening on port 52430
Dynamically enable window occlusion 1
JavaScript error: chrome://remote/content/marionette/cert.sys.mjs, line 51: NS_ERROR_NOT_AVAILABLE: Component returned failure code: 0x80040111 (NS_ERROR_NOT_AVAILABLE) [nsICertOverrideService.setDisableAllSecurityChecksAndLetAttackersInterceptMyData]
1685370769857	geckodriver	INFO	Listening on 127.0.0.1:57620
1685370772793	mozrunner::runner	INFO	Running command: "C:\\Program Files\\Mozilla Firefox\\firefox.exe" "--marionette" "-no-remote" "-profile" "C:\\Users\\ADMIN\\AppData\\Local\\Temp\\rust_mozprofilea0nWEx"
console.warn: services.settings: Ignoring preference override of remote settings server
console.warn: services.settings: Allow by setting MOZ_REMOTE_SETTINGS_DEVTOOLS=1 in the environment
1685370774603	Marionette	INFO	Marionette enabled
Dynamically enable window occlusion 0
1685370774610	Marionette	INFO	Listening on port 57633
Read port: 57633
Read port: 57633
1685370775985	RemoteAgent	WARN	TLS certificate errors will be ignored for this session
[ERROR glean_core] Error setting metrics feature config: Json(Error("EOF while parsing a value", line: 1, column: 0))
JavaScript error: https://tag.durationmedia.net/sites/10651/dm.js, line 1: TypeError: e.parsedBody is undefined
JavaScript error: https://harrypotter.fandom.com/load.php?lang=en&modules=ext.fandom.ImportJs%2Csite&skin=fandomdesktop&version=1yh1o, line 9: ReferenceError: wgPageName is not defined
JavaScript error: , line 0: uncaught exception: Object
JavaScript error: https://harrypotter.fandom.com/load.php?lang=en&modules=ext.fandom.site&skin=fandomdesktop&version=zepmt, line 1: ReferenceError: wgPageName is not defined
JavaScript error: https://harrypotter.fandom.com/load.php?lang=en&modules=ext.fandom.site&skin=fandomdesktop&version=zepmt, line 1: ReferenceError: wgPageName is not defined
JavaScript error: https://tag.durationmedia.net/sites/10651/dm.js, line 1: TypeError: e.parsedBody is undefined
JavaScript error: https://harrypotter.fandom.com/load.php?lang=en&modules=ext.fandom.site&skin=fandomdesktop&version=zepmt, line 1: ReferenceError: wgPageName is not defined
JavaScript error: https://harrypotter.fandom.com/load.php?lang=en&modules=ext.fandom.site&skin=fandomdesktop&version=zepmt, line 1: ReferenceError: wgPageName is not defined
JavaScript error: https://tag.durationmedia.net/sites/10651/dm.js, line 1: TypeError: e.parsedBody is undefined
JavaScript warning: https://pagead2.googlesyndication.com/bg/9rqtaVZiiC_7YLKwh7YBfT4gwbCPSzX7QNXGZKOGVto.js line 2 > eval line 5603 > eval line 1 > eval line 1 > eval, line 1: WEBGL_debug_renderer_info is deprecated in Firefox and will be removed. Please use RENDERER.
JavaScript warning: https://pagead2.googlesyndication.com/bg/9rqtaVZiiC_7YLKwh7YBfT4gwbCPSzX7QNXGZKOGVto.js line 2 > eval line 6181 > eval line 1 > eval line 1 > eval, line 1: WEBGL_debug_renderer_info is deprecated in Firefox and will be removed. Please use RENDERER.
JavaScript error: , line 0: TypeError: NetworkError when attempting to fetch resource.
JavaScript error: , line 0: TypeError: NetworkError when attempting to fetch resource.
JavaScript error: , line 0: TypeError: NetworkError when attempting to fetch resource.
[Parent 31120, IPC I/O Parent] WARNING: DuplicateHandle failed for handle 0 in TransferHandles: file /builds/worker/checkouts/gecko/ipc/chromium/src/chrome/common/ipc_channel_win.cc:787
JavaScript error: https://harrypotter.fandom.com/load.php?lang=en&modules=ext.fandom.site&skin=fandomdesktop&version=zepmt, line 1: ReferenceError: wgPageName is not defined
JavaScript error: https://tag.durationmedia.net/sites/10651/dm.js, line 1: TypeError: e.parsedBody is undefined
JavaScript error: , line 0: uncaught exception: Object
JavaScript error: , line 0: uncaught exception: Object
JavaScript error: , line 0: uncaught exception: Object
JavaScript error: , line 0: uncaught exception: Object
JavaScript error: https://harrypotter.fandom.com/load.php?lang=en&modules=ext.fandom.site&skin=fandomdesktop&version=zepmt, line 1: ReferenceError: wgPageName is not defined
JavaScript error: https://tag.durationmedia.net/sites/10651/dm.js, line 1: TypeError: e.parsedBody is undefined
[Child 4784, Main Thread] WARNING: JSWindowActorChild::SendRawMessage (ContentMeta, Meta:SetPageInfo) not sent: !CanSend() || !mManager || !mManager->CanSend(): file /builds/worker/checkouts/gecko/dom/ipc/jsactor/JSWindowActorChild.cpp:57
JavaScript error: resource://gre/actors/ContentMetaChild.sys.mjs, line 179: InvalidStateError: JSWindowActorChild.sendAsyncMessage: JSWindowActorChild cannot send at the moment
JavaScript error: https://harrypotter.fandom.com/load.php?lang=en&modules=ext.fandom.site&skin=fandomdesktop&version=zepmt, line 1: ReferenceError: wgPageName is not defined
JavaScript error: , line 0: uncaught exception: Object
JavaScript error: , line 0: uncaught exception: Object
JavaScript error: , line 0: uncaught exception: Object
JavaScript error: , line 0: uncaught exception: Object
JavaScript error: https://tag.durationmedia.net/sites/10651/dm.js, line 1: TypeError: e.parsedBody is undefined
JavaScript error: , line 0: uncaught exception: Object
JavaScript error: , line 0: uncaught exception: Object
JavaScript error: , line 0: uncaught exception: Object
JavaScript error: , line 0: uncaught exception: Object
JavaScript error: https://harrypotter.fandom.com/load.php?lang=en&modules=ext.fandom.site&skin=fandomdesktop&version=zepmt, line 1: ReferenceError: wgPageName is not defined
JavaScript error: https://tag.durationmedia.net/sites/10651/dm.js, line 1: TypeError: e.parsedBody is undefined
JavaScript error: , line 0: uncaught exception: Object
JavaScript error: , line 0: TypeError: NetworkError when attempting to fetch resource.
JavaScript error: https://harrypotter.fandom.com/load.php?lang=en&modules=ext.fandom.site&skin=fandomdesktop&version=zepmt, line 1: ReferenceError: wgPageName is not defined
JavaScript error: , line 0: uncaught exception: Object
JavaScript error: , line 0: uncaught exception: Object
JavaScript error: , line 0: uncaught exception: Object
JavaScript error: https://tag.durationmedia.net/sites/10651/dm.js, line 1: TypeError: e.parsedBody is undefined
JavaScript error: , line 0: uncaught exception: Object
JavaScript error: https://harrypotter.fandom.com/load.php?lang=en&modules=ext.fandom.site&skin=fandomdesktop&version=zepmt, line 1: ReferenceError: wgPageName is not defined
JavaScript error: , line 0: uncaught exception: Object
JavaScript error: https://tag.durationmedia.net/sites/10651/dm.js, line 1: TypeError: e.parsedBody is undefined
JavaScript error: , line 0: uncaught exception: Object
JavaScript error: , line 0: uncaught exception: Object
JavaScript error: , line 0: uncaught exception: Object
JavaScript error: https://harrypotter.fandom.com/load.php?lang=en&modules=ext.fandom.site&skin=fandomdesktop&version=zepmt, line 1: ReferenceError: wgPageName is not defined
JavaScript error: https://harrypotter.fandom.com/load.php?lang=en&modules=ext.fandom.site&skin=fandomdesktop&version=zepmt, line 1: ReferenceError: wgPageName is not defined
[Parent 31120, IPC I/O Parent] WARNING: DuplicateHandle failed for handle 0 in TransferHandles: file /builds/worker/checkouts/gecko/ipc/chromium/src/chrome/common/ipc_channel_win.cc:787
JavaScript error: https://harrypotter.fandom.com/load.php?lang=en&modules=ext.fandom.site&skin=fandomdesktop&version=zepmt, line 1: ReferenceError: wgPageName is not defined
JavaScript error: https://harrypotter.fandom.com/load.php?lang=en&modules=ext.fandom.site&skin=fandomdesktop&version=zepmt, line 1: ReferenceError: wgPageName is not defined
JavaScript error: , line 0: uncaught exception: Object
JavaScript error: , line 0: uncaught exception: Object
JavaScript error: , line 0: uncaught exception: Object
JavaScript error: , line 0: uncaught exception: Object
JavaScript error: https://harrypotter.fandom.com/load.php?lang=en&modules=ext.fandom.site&skin=fandomdesktop&version=zepmt, line 1: ReferenceError: wgPageName is not defined
JavaScript error: https://harrypotter.fandom.com/load.php?lang=en&modules=ext.fandom.site&skin=fandomdesktop&version=zepmt, line 1: ReferenceError: wgPageName is not defined
JavaScript error: https://harrypotter.fandom.com/load.php?lang=en&modules=ext.fandom.site&skin=fandomdesktop&version=zepmt, line 1: ReferenceError: wgPageName is not defined
JavaScript error: https://harrypotter.fandom.com/load.php?lang=en&modules=ext.fandom.site&skin=fandomdesktop&version=zepmt, line 1: ReferenceError: wgPageName is not defined
JavaScript error: https://harrypotter.fandom.com/load.php?lang=en&modules=ext.fandom.site&skin=fandomdesktop&version=zepmt, line 1: ReferenceError: wgPageName is not defined
JavaScript error: , line 0: uncaught exception: Object
JavaScript error: , line 0: TypeError: NetworkError when attempting to fetch resource.
JavaScript error: , line 0: TypeError: NetworkError when attempting to fetch resource.
JavaScript error: https://harrypotter.fandom.com/load.php?lang=en&modules=ext.fandom.site&skin=fandomdesktop&version=zepmt, line 1: ReferenceError: wgPageName is not defined
JavaScript error: https://harrypotter.fandom.com/load.php?lang=en&modules=ext.fandom.site&skin=fandomdesktop&version=zepmt, line 1: ReferenceError: wgPageName is not defined
JavaScript error: , line 0: uncaught exception: Object
JavaScript error: , line 0: TypeError: NetworkError when attempting to fetch resource.
JavaScript error: https://harrypotter.fandom.com/load.php?lang=en&modules=ext.fandom.site&skin=fandomdesktop&version=zepmt, line 1: ReferenceError: wgPageName is not defined
JavaScript error: , line 0: uncaught exception: Object
JavaScript error: , line 0: uncaught exception: Object
JavaScript error: , line 0: uncaught exception: Object
JavaScript error: , line 0: uncaught exception: Object
JavaScript error: https://harrypotter.fandom.com/load.php?lang=en&modules=ext.fandom.site&skin=fandomdesktop&version=zepmt, line 1: ReferenceError: wgPageName is not defined
1685370935262	Marionette	WARN	Ignoring event 'pageshow' because document has an invalid readyState of 'uninitialized'.
JavaScript error: , line 0: TypeError: NetworkError when attempting to fetch resource.
JavaScript error: , line 0: TypeError: NetworkError when attempting to fetch resource.
JavaScript warning: https://pagead2.googlesyndication.com/bg/9rqtaVZiiC_7YLKwh7YBfT4gwbCPSzX7QNXGZKOGVto.js line 2 > eval line 1863 > eval line 1 > eval line 1 > eval, line 1: WEBGL_debug_renderer_info is deprecated in Firefox and will be removed. Please use RENDERER.
JavaScript warning: https://pagead2.googlesyndication.com/bg/9rqtaVZiiC_7YLKwh7YBfT4gwbCPSzX7QNXGZKOGVto.js line 2 > eval line 5622 > eval line 1 > eval line 1 > eval, line 1: WEBGL_debug_renderer_info is deprecated in Firefox and will be removed. Please use RENDERER.
JavaScript error: , line 0: TypeError: NetworkError when attempting to fetch resource.
JavaScript error: https://harrypotter.fandom.com/load.php?lang=en&modules=ext.fandom.site&skin=fandomdesktop&version=zepmt, line 1: ReferenceError: wgPageName is not defined
JavaScript warning: https://pagead2.googlesyndication.com/bg/9rqtaVZiiC_7YLKwh7YBfT4gwbCPSzX7QNXGZKOGVto.js line 2 > eval line 5459 > eval line 1 > eval line 1 > eval, line 1: WEBGL_debug_renderer_info is deprecated in Firefox and will be removed. Please use RENDERER.
JavaScript error: , line 0: TypeError: NetworkError when attempting to fetch resource.
JavaScript error: , line 0: TypeError: NetworkError when attempting to fetch resource.
JavaScript warning: https://pagead2.googlesyndication.com/bg/9rqtaVZiiC_7YLKwh7YBfT4gwbCPSzX7QNXGZKOGVto.js line 2 > eval line 6758 > eval line 1 > eval line 1 > eval, line 1: WEBGL_debug_renderer_info is deprecated in Firefox and will be removed. Please use RENDERER.
JavaScript warning: https://tgtag.io/tg.js?pid=tg-003828-001, line 1: WEBGL_debug_renderer_info is deprecated in Firefox and will be removed. Please use RENDERER.
JavaScript warning: https://tgtag.io/tg.js?pid=tg-003828-001, line 1: WebGL context was lost.
JavaScript warning: https://pagead2.googlesyndication.com/bg/9rqtaVZiiC_7YLKwh7YBfT4gwbCPSzX7QNXGZKOGVto.js line 2 > eval line 2619 > eval line 1 > eval line 1 > eval, line 1: WEBGL_debug_renderer_info is deprecated in Firefox and will be removed. Please use RENDERER.
1685371000024	Marionette	WARN	Ignoring event 'pageshow' because document has an invalid readyState of 'uninitialized'.
[Child 31408, Main Thread] WARNING: JSWindowActorChild::SendRawMessage (Conduits, ConduitClosed) not sent: !CanSend() || !mManager || !mManager->CanSend(): file /builds/worker/checkouts/gecko/dom/ipc/jsactor/JSWindowActorChild.cpp:57
[Child 31408, Main Thread] WARNING: JSWindowActorChild::SendRawMessage (Conduits, ConduitClosed) not sent: !CanSend() || !mManager || !mManager->CanSend(): file /builds/worker/checkouts/gecko/dom/ipc/jsactor/JSWindowActorChild.cpp:57
[Child 31408, Main Thread] WARNING: JSWindowActorChild::SendRawMessage (Conduits, ConduitClosed) not sent: !CanSend() || !mManager || !mManager->CanSend(): file /builds/worker/checkouts/gecko/dom/ipc/jsactor/JSWindowActorChild.cpp:57
[Child 31408, Main Thread] WARNING: JSWindowActorChild::SendRawMessage (Conduits, ConduitClosed) not sent: !CanSend() || !mManager || !mManager->CanSend(): file /builds/worker/checkouts/gecko/dom/ipc/jsactor/JSWindowActorChild.cpp:57
[Child 31408, Main Thread] WARNING: JSWindowActorChild::SendRawMessage (Conduits, ConduitClosed) not sent: !CanSend() || !mManager || !mManager->CanSend(): file /builds/worker/checkouts/gecko/dom/ipc/jsactor/JSWindowActorChild.cpp:57
[Child 31408, Main Thread] WARNING: JSWindowActorChild::SendRawMessage (Conduits, ConduitClosed) not sent: !CanSend() || !mManager || !mManager->CanSend(): file /builds/worker/checkouts/gecko/dom/ipc/jsactor/JSWindowActorChild.cpp:57
[Child 31408, Main Thread] WARNING: JSWindowActorChild::SendRawMessage (Conduits, ConduitClosed) not sent: !CanSend() || !mManager || !mManager->CanSend(): file /builds/worker/checkouts/gecko/dom/ipc/jsactor/JSWindowActorChild.cpp:57
[Child 31408, Main Thread] WARNING: JSWindowActorChild::SendRawMessage (Conduits, ConduitClosed) not sent: !CanSend() || !mManager || !mManager->CanSend(): file /builds/worker/checkouts/gecko/dom/ipc/jsactor/JSWindowActorChild.cpp:57
1685371406682	Marionette	INFO	Stopped listening on port 57633
Dynamically enable window occlusion 1
JavaScript error: , line 0: TypeError: NetworkError when attempting to fetch resource.
[Parent 31120, IPC I/O Parent] WARNING: DuplicateHandle failed for handle 0 in TransferHandles: file /builds/worker/checkouts/gecko/ipc/chromium/src/chrome/common/ipc_channel_win.cc:787
JavaScript error: chrome://remote/content/marionette/cert.sys.mjs, line 51: NS_ERROR_NOT_AVAILABLE: Component returned failure code: 0x80040111 (NS_ERROR_NOT_AVAILABLE) [nsICertOverrideService.setDisableAllSecurityChecksAndLetAttackersInterceptMyData]
